Synplify Pro (R) Job Log
Date: 21:34:53    12-Aug-2024
Install Directory: C:\Microchip\Libero_SoC_v2023.2\SynplifyPro

JobFlow: synthesis
   Run Start Time: 21:31:04
   Runtime: 03m:49s
   Executable Run Time: 227 - (Sum of all child executables)
   Current Working Directory: C:\work\polarfire-soc-video-kit-design\VKPFSOC_H264\synthesis

   JobFlow: synthesis
      Run Start Time: 21:31:04
      Runtime: 03m:49s
      Executable Run Time: 227 - (Sum of all child executables)

      JobFlow: compile
         Run Start Time: 21:31:04
         Runtime: 01m:37s
         Executable Run Time: 95 - (Sum of all child executables)

         JobFlow: compile_flow
            Run Start Time: 21:31:04
            Runtime: 01m:19s
            Executable Run Time: 77 - (Sum of all child executables)

            Job: compiler
               executable: bin64\c_hdl.exe
               Run Directory: C:/work/polarfire-soc-video-kit-design/VKPFSOC_H264/synthesis
               Run State: complete
               Return Code: 0
               Has Errors: no
               Run Start Time: 21:31:04
               Run Time: 01m:13s
               Executable Run Time: 71 - (Executable run time excluding UI processing)
               Memory Usage: -
               Up-to-date (run skipped): no

            Job: multi_srs_gen
               executable: bin64\syn_nfilter.exe
               Run Directory: C:/work/polarfire-soc-video-kit-design/VKPFSOC_H264/synthesis
               Run State: complete
               Return Code: 0
               Has Errors: no
               Run Start Time: 21:32:17
               Run Time: 06s
               Executable Run Time: 6 - (Executable run time excluding UI processing)
               Memory Usage: -
               Up-to-date (run skipped): no

         Job: premap
            executable: bin64\m_generic.exe
            Run Directory: C:/work/polarfire-soc-video-kit-design/VKPFSOC_H264/synthesis
            Run State: complete
            Return Code: 1
            Has Errors: no
            Run Start Time: 21:32:23
            Run Time: 18s
            Executable Run Time: 18 - (Executable run time excluding UI processing)
            Memory Usage: -
            Up-to-date (run skipped): no

      JobFlow: map
         Run Start Time: 21:32:41
         Runtime: 02m:12s
         Executable Run Time: 132 - (Sum of all child executables)

         Job: fpga_mapper
            executable: bin64\m_generic.exe
            Run Directory: C:/work/polarfire-soc-video-kit-design/VKPFSOC_H264/synthesis
            Run State: complete
            Return Code: 1
            Has Errors: no
            Run Start Time: 21:32:41
            Run Time: 02m:12s
            Executable Run Time: 132 - (Executable run time excluding UI processing)
            Memory Usage: -
            Up-to-date (run skipped): no
