********************************************************************
I/O Bank Report - Date: Mon Aug 12 21:47:22 2024
Product: Designer
Release: v2023.2
Version: 2023.2.0.8
Design Name: VKPFSOC_TOP
Family: PolarFireSoC
Die: MPFS250TS
Package: FCG1152
********************************************************************


I/O Function:

    Type                                  | w/o register  | w/ register  | w/ DDR register
    --------------------------------------|---------------|--------------|----------------
    Input I/O                             | 4             | 0            | 0
    Output I/O                            | 18            | 0            | 0
    Bidirectional I/O                     | 2             | 0            | 0
    Differential Input I/O Pairs          | 5             | 0            | 0
    Differential Output I/O Pairs         | 0             | 0            | 0

I/O Technology:

                                    |   Voltages    |             I/Os              
    --------------------------------|-------|-------|-------|--------|--------------
    I/O Standard(s)                 | Vddi  | Vref  | Input | Output | Bidirectional
    --------------------------------|-------|-------|-------|--------|--------------
    HSTL12I (Output)                | 1.20v | N/A   | 0     | 1      | 0            
    LVCMOS12                        | 1.20v | N/A   | 0     | 2      | 0            
    LVCMOS25                        | 2.50v | N/A   | 0     | 4      | 2            
    LVCMOS33                        | 3.30v | N/A   | 4     | 11     | 0            
    MIPI25                          | 2.50v | N/A   | 10    | 0      | 0            

I/O Bank Resource Usage:

          |   Voltages    | Single I/Os  | Diff I/O Pairs |        Vref I/Os        |  Type   
          |-------|-------|------|-------|-------|--------|------|-------|----------|---------
          | Vddi  | Vref  | Used | Total | Used  | Total  | Used | Total | Vref Pins|         
    ------|-------|-------|------|-------|-------|--------|------|-------|----------|---------
    Bank0 | 1.20v | N/A   | 2    | 84    | 0     | 42     | N/A  | N/A   | N/A      | HSIO    
    Bank1 | 3.30v | N/A   | 15   | 72    | 0     | 36     | N/A  | N/A   | N/A      | GPIO    
    Bank2 | 3.30v | N/A   | 0    | 24    | 0     | 0      | N/A  | N/A   | N/A      | MSS_IO  
    Bank3 | 3.30v | N/A   | 0    | 0     | 0     | 0      | N/A  | N/A   | N/A      | JTAG    
    Bank4 | 1.80v | N/A   | 0    | 14    | 0     | 0      | N/A  | N/A   | N/A      | MSS_IO  
    Bank5 | 3.30v | N/A   | 0    | 10    | 0     | 0      | N/A  | N/A   | N/A      | MSS_SGMII_IO
    Bank6 | 1.10v | 0.55v | 0    | 88    | 0     | 0      | 0    | 88    | 0        | MSS_DDR_IO
    Bank7 | 2.50v | N/A   | 6    | 60    | 5     | 30     | N/A  | N/A   | N/A      | GPIO    
    Bank8 | 1.20v | N/A   | 0    | 60    | 0     | 30     | N/A  | N/A   | N/A      | HSIO    
    Bank9 | N/A   | N/A   | 0    | 96    | 0     | 48     | N/A  | N/A   | N/A      | GPIO    


I/O Voltage Usage:

       Voltages    |     I/Os     
    -------|-------|------|-------
     Vddi  | Vref  | Used | Total 
    -------|-------|------|-------
     1.10v | N/A   | 0    | 88    
     1.20v | N/A   | 3    | 144   
     1.80v | N/A   | 0    | 14    
     2.50v | N/A   | 16   | 60    
     3.30v | N/A   | 15   | 106   
     1.10v | 0.55v | 0    | 88    

